mode: set
github.com/hashicorp/vault/plugins/database/influxdb/influxdb.go:33.33,38.2 3 0
github.com/hashicorp/vault/plugins/database/influxdb/influxdb.go:40.22,47.2 3 1
github.com/hashicorp/vault/plugins/database/influxdb/influxdb.go:50.45,52.16 2 0
github.com/hashicorp/vault/plugins/database/influxdb/influxdb.go:56.2,58.12 2 0
github.com/hashicorp/vault/plugins/database/influxdb/influxdb.go:52.16,54.3 1 0
github.com/hashicorp/vault/plugins/database/influxdb/influxdb.go:62.43,64.2 1 0
github.com/hashicorp/vault/plugins/database/influxdb/influxdb.go:66.78,68.16 2 1
github.com/hashicorp/vault/plugins/database/influxdb/influxdb.go:72.2,72.33 1 1
github.com/hashicorp/vault/plugins/database/influxdb/influxdb.go:68.16,70.3 1 0
github.com/hashicorp/vault/plugins/database/influxdb/influxdb.go:78.127,83.16 4 1
github.com/hashicorp/vault/plugins/database/influxdb/influxdb.go:87.2,88.28 2 1
github.com/hashicorp/vault/plugins/database/influxdb/influxdb.go:92.2,93.28 2 1
github.com/hashicorp/vault/plugins/database/influxdb/influxdb.go:97.2,104.16 2 1
github.com/hashicorp/vault/plugins/database/influxdb/influxdb.go:107.2,109.36 2 1
github.com/hashicorp/vault/plugins/database/influxdb/influxdb.go:130.2,133.18 2 1
github.com/hashicorp/vault/plugins/database/influxdb/influxdb.go:83.16,85.3 1 0
github.com/hashicorp/vault/plugins/database/influxdb/influxdb.go:88.28,90.3 1 0
github.com/hashicorp/vault/plugins/database/influxdb/influxdb.go:93.28,95.3 1 1
github.com/hashicorp/vault/plugins/database/influxdb/influxdb.go:104.16,106.3 1 0
github.com/hashicorp/vault/plugins/database/influxdb/influxdb.go:109.36,110.70 1 1
github.com/hashicorp/vault/plugins/database/influxdb/influxdb.go:110.70,112.23 2 1
github.com/hashicorp/vault/plugins/database/influxdb/influxdb.go:116.4,122.18 4 1
github.com/hashicorp/vault/plugins/database/influxdb/influxdb.go:112.23,113.13 1 1
github.com/hashicorp/vault/plugins/database/influxdb/influxdb.go:122.18,123.51 1 0
github.com/hashicorp/vault/plugins/database/influxdb/influxdb.go:126.5,126.97 1 0
github.com/hashicorp/vault/plugins/database/influxdb/influxdb.go:123.51,125.6 1 0
github.com/hashicorp/vault/plugins/database/influxdb/influxdb.go:138.93,139.42 1 0
github.com/hashicorp/vault/plugins/database/influxdb/influxdb.go:158.2,158.12 1 0
github.com/hashicorp/vault/plugins/database/influxdb/influxdb.go:139.42,140.70 1 0
github.com/hashicorp/vault/plugins/database/influxdb/influxdb.go:140.70,143.23 2 0
github.com/hashicorp/vault/plugins/database/influxdb/influxdb.go:146.4,151.18 3 0
github.com/hashicorp/vault/plugins/database/influxdb/influxdb.go:143.23,144.13 1 0
github.com/hashicorp/vault/plugins/database/influxdb/influxdb.go:151.18,152.51 1 0
github.com/hashicorp/vault/plugins/database/influxdb/influxdb.go:152.51,154.6 1 0
github.com/hashicorp/vault/plugins/database/influxdb/influxdb.go:161.127,166.16 4 1
github.com/hashicorp/vault/plugins/database/influxdb/influxdb.go:170.2,171.30 2 1
github.com/hashicorp/vault/plugins/database/influxdb/influxdb.go:175.2,176.38 2 1
github.com/hashicorp/vault/plugins/database/influxdb/influxdb.go:193.2,193.32 1 1
github.com/hashicorp/vault/plugins/database/influxdb/influxdb.go:196.2,196.46 1 0
github.com/hashicorp/vault/plugins/database/influxdb/influxdb.go:166.16,168.3 1 0
github.com/hashicorp/vault/plugins/database/influxdb/influxdb.go:171.30,173.3 1 1
github.com/hashicorp/vault/plugins/database/influxdb/influxdb.go:176.38,177.70 1 1
github.com/hashicorp/vault/plugins/database/influxdb/influxdb.go:177.70,179.23 2 1
github.com/hashicorp/vault/plugins/database/influxdb/influxdb.go:182.4,188.23 5 1
github.com/hashicorp/vault/plugins/database/influxdb/influxdb.go:179.23,180.13 1 1
github.com/hashicorp/vault/plugins/database/influxdb/influxdb.go:188.23,190.5 1 0
github.com/hashicorp/vault/plugins/database/influxdb/influxdb.go:193.32,195.3 1 1
github.com/hashicorp/vault/plugins/database/influxdb/influxdb.go:199.127,203.25 3 0
github.com/hashicorp/vault/plugins/database/influxdb/influxdb.go:210.2,210.46 1 0
github.com/hashicorp/vault/plugins/database/influxdb/influxdb.go:203.25,205.17 2 0
github.com/hashicorp/vault/plugins/database/influxdb/influxdb.go:205.17,207.4 1 0
github.com/hashicorp/vault/plugins/database/influxdb/influxdb.go:213.127,215.16 2 0
github.com/hashicorp/vault/plugins/database/influxdb/influxdb.go:219.2,220.26 2 0
github.com/hashicorp/vault/plugins/database/influxdb/influxdb.go:224.2,225.34 2 0
github.com/hashicorp/vault/plugins/database/influxdb/influxdb.go:244.2,245.16 2 0
github.com/hashicorp/vault/plugins/database/influxdb/influxdb.go:249.2,249.12 1 0
github.com/hashicorp/vault/plugins/database/influxdb/influxdb.go:215.16,217.3 1 0
github.com/hashicorp/vault/plugins/database/influxdb/influxdb.go:220.26,222.3 1 0
github.com/hashicorp/vault/plugins/database/influxdb/influxdb.go:225.34,226.70 1 0
github.com/hashicorp/vault/plugins/database/influxdb/influxdb.go:226.70,228.23 2 0
github.com/hashicorp/vault/plugins/database/influxdb/influxdb.go:231.4,238.23 5 0
github.com/hashicorp/vault/plugins/database/influxdb/influxdb.go:228.23,229.13 1 0
github.com/hashicorp/vault/plugins/database/influxdb/influxdb.go:238.23,240.5 1 0
github.com/hashicorp/vault/plugins/database/influxdb/influxdb.go:245.16,247.3 1 0
github.com/hashicorp/vault/plugins/database/influxdb/connection_producer.go:46.145,53.16 5 1
github.com/hashicorp/vault/plugins/database/influxdb/connection_producer.go:57.2,57.32 1 1
github.com/hashicorp/vault/plugins/database/influxdb/connection_producer.go:60.2,60.18 1 1
github.com/hashicorp/vault/plugins/database/influxdb/connection_producer.go:63.2,64.16 2 1
github.com/hashicorp/vault/plugins/database/influxdb/connection_producer.go:68.2,68.9 1 1
github.com/hashicorp/vault/plugins/database/influxdb/connection_producer.go:77.2,79.9 3 1
github.com/hashicorp/vault/plugins/database/influxdb/connection_producer.go:111.2,113.26 2 1
github.com/hashicorp/vault/plugins/database/influxdb/connection_producer.go:119.2,123.18 2 1
github.com/hashicorp/vault/plugins/database/influxdb/connection_producer.go:53.16,55.3 1 0
github.com/hashicorp/vault/plugins/database/influxdb/connection_producer.go:57.32,59.3 1 1
github.com/hashicorp/vault/plugins/database/influxdb/connection_producer.go:60.18,62.3 1 0
github.com/hashicorp/vault/plugins/database/influxdb/connection_producer.go:64.16,66.3 1 0
github.com/hashicorp/vault/plugins/database/influxdb/connection_producer.go:69.24,70.78 1 0
github.com/hashicorp/vault/plugins/database/influxdb/connection_producer.go:71.28,72.82 1 0
github.com/hashicorp/vault/plugins/database/influxdb/connection_producer.go:73.28,74.82 1 0
github.com/hashicorp/vault/plugins/database/influxdb/connection_producer.go:80.27,82.17 2 0
github.com/hashicorp/vault/plugins/database/influxdb/connection_producer.go:85.3,86.17 2 0
github.com/hashicorp/vault/plugins/database/influxdb/connection_producer.go:89.3,92.15 4 0
github.com/hashicorp/vault/plugins/database/influxdb/connection_producer.go:94.29,96.17 2 0
github.com/hashicorp/vault/plugins/database/influxdb/connection_producer.go:99.3,100.17 2 0
github.com/hashicorp/vault/plugins/database/influxdb/connection_producer.go:103.3,106.15 4 0
github.com/hashicorp/vault/plugins/database/influxdb/connection_producer.go:82.17,84.4 1 0
github.com/hashicorp/vault/plugins/database/influxdb/connection_producer.go:86.17,88.4 1 0
github.com/hashicorp/vault/plugins/database/influxdb/connection_producer.go:96.17,98.4 1 0
github.com/hashicorp/vault/plugins/database/influxdb/connection_producer.go:100.17,102.4 1 0
github.com/hashicorp/vault/plugins/database/influxdb/connection_producer.go:113.26,114.46 1 1
github.com/hashicorp/vault/plugins/database/influxdb/connection_producer.go:114.46,116.4 1 0
github.com/hashicorp/vault/plugins/database/influxdb/connection_producer.go:126.89,127.20 1 1
github.com/hashicorp/vault/plugins/database/influxdb/connection_producer.go:132.2,132.21 1 1
github.com/hashicorp/vault/plugins/database/influxdb/connection_producer.go:136.2,137.16 2 1
github.com/hashicorp/vault/plugins/database/influxdb/connection_producer.go:142.2,144.17 2 1
github.com/hashicorp/vault/plugins/database/influxdb/connection_producer.go:127.20,129.3 1 0
github.com/hashicorp/vault/plugins/database/influxdb/connection_producer.go:132.21,134.3 1 1
github.com/hashicorp/vault/plugins/database/influxdb/connection_producer.go:137.16,139.3 1 0
github.com/hashicorp/vault/plugins/database/influxdb/connection_producer.go:147.52,152.21 3 0
github.com/hashicorp/vault/plugins/database/influxdb/connection_producer.go:156.2,158.12 2 0
github.com/hashicorp/vault/plugins/database/influxdb/connection_producer.go:152.21,154.3 1 0
github.com/hashicorp/vault/plugins/database/influxdb/connection_producer.go:161.76,170.11 2 1
github.com/hashicorp/vault/plugins/database/influxdb/connection_producer.go:215.2,216.16 2 1
github.com/hashicorp/vault/plugins/database/influxdb/connection_producer.go:221.2,222.16 2 1
github.com/hashicorp/vault/plugins/database/influxdb/connection_producer.go:227.2,228.16 2 1
github.com/hashicorp/vault/plugins/database/influxdb/connection_producer.go:231.2,231.14 1 1
github.com/hashicorp/vault/plugins/database/influxdb/connection_producer.go:235.2,235.17 1 1
github.com/hashicorp/vault/plugins/database/influxdb/connection_producer.go:170.11,172.53 2 0
github.com/hashicorp/vault/plugins/database/influxdb/connection_producer.go:197.3,199.28 2 0
github.com/hashicorp/vault/plugins/database/influxdb/connection_producer.go:211.3,212.67 2 0
github.com/hashicorp/vault/plugins/database/influxdb/connection_producer.go:172.53,173.56 1 0
github.com/hashicorp/vault/plugins/database/influxdb/connection_producer.go:177.4,178.30 2 0
github.com/hashicorp/vault/plugins/database/influxdb/connection_producer.go:182.4,182.28 1 0
github.com/hashicorp/vault/plugins/database/influxdb/connection_producer.go:186.4,187.18 2 0
github.com/hashicorp/vault/plugins/database/influxdb/connection_producer.go:191.4,192.38 2 0
github.com/hashicorp/vault/plugins/database/influxdb/connection_producer.go:173.56,175.5 1 0
github.com/hashicorp/vault/plugins/database/influxdb/connection_producer.go:178.30,181.5 2 0
github.com/hashicorp/vault/plugins/database/influxdb/connection_producer.go:182.28,184.5 1 0
github.com/hashicorp/vault/plugins/database/influxdb/connection_producer.go:187.18,189.5 1 0
github.com/hashicorp/vault/plugins/database/influxdb/connection_producer.go:192.38,194.5 1 0
github.com/hashicorp/vault/plugins/database/influxdb/connection_producer.go:199.28,202.11 3 0
github.com/hashicorp/vault/plugins/database/influxdb/connection_producer.go:202.11,204.5 1 0
github.com/hashicorp/vault/plugins/database/influxdb/connection_producer.go:205.9,209.4 1 0
github.com/hashicorp/vault/plugins/database/influxdb/connection_producer.go:216.16,218.3 1 0
github.com/hashicorp/vault/plugins/database/influxdb/connection_producer.go:222.16,224.3 1 0
github.com/hashicorp/vault/plugins/database/influxdb/connection_producer.go:228.16,230.3 1 0
github.com/hashicorp/vault/plugins/database/influxdb/connection_producer.go:231.14,233.3 1 0
github.com/hashicorp/vault/plugins/database/influxdb/connection_producer.go:238.71,244.2 1 0
github.com/hashicorp/vault/plugins/database/influxdb/connection_producer.go:246.64,249.16 3 1
github.com/hashicorp/vault/plugins/database/influxdb/connection_producer.go:252.2,252.21 1 1
github.com/hashicorp/vault/plugins/database/influxdb/connection_producer.go:255.2,255.29 1 1
github.com/hashicorp/vault/plugins/database/influxdb/connection_producer.go:258.2,258.39 1 1
github.com/hashicorp/vault/plugins/database/influxdb/connection_producer.go:267.2,267.87 1 0
github.com/hashicorp/vault/plugins/database/influxdb/connection_producer.go:249.16,251.3 1 0
github.com/hashicorp/vault/plugins/database/influxdb/connection_producer.go:252.21,254.3 1 0
github.com/hashicorp/vault/plugins/database/influxdb/connection_producer.go:255.29,257.3 1 0
github.com/hashicorp/vault/plugins/database/influxdb/connection_producer.go:258.39,259.36 1 1
github.com/hashicorp/vault/plugins/database/influxdb/connection_producer.go:259.36,260.37 1 1
github.com/hashicorp/vault/plugins/database/influxdb/connection_producer.go:260.37,261.57 1 1
github.com/hashicorp/vault/plugins/database/influxdb/connection_producer.go:261.57,263.6 1 1
